<?xml version="1.0" encoding="UTF-8"?>
<testng-results skipped="0" failed="0" total="1" passed="1">
  <reporter-output>
  </reporter-output>
  <suite name="Default suite" duration-ms="129" started-at="2019-02-21T20:31:22Z" finished-at="2019-02-21T20:31:22Z">
    <groups>
    </groups>
    <test name="Default test" duration-ms="129" started-at="2019-02-21T20:31:22Z" finished-at="2019-02-21T20:31:22Z">
      <class name="com.lt.icore.sampletest.USerTest">
        <test-method status="PASS" signature="createusertest()[pri:0, instance:com.lt.icore.sampletest.USerTest@464bee09]" name="createusertest" duration-ms="52" started-at="2019-02-22T02:01:22Z" finished-at="2019-02-22T02:01:22Z">
          <reporter-output>
          </reporter-output>
        </test-method> <!-- createusertest -->
      </class> <!-- com.lt.icore.sampletest.USerTest -->
    </test> <!-- Default test -->
  </suite> <!-- Default suite -->
</testng-results>
